#
# There is insufficient memory for the Java Runtime Environment to continue.
# Native memory allocation (malloc) failed to allocate 1548496 bytes for Chunk::new
# Possible reasons:
#   The system is out of physical RAM or swap space
#   In 32 bit mode, the process size limit was hit
# Possible solutions:
#   Reduce memory load on the system
#   Increase physical memory or swap space
#   Check if swap backing store is full
#   Use 64 bit Java on a 64 bit OS
#   Decrease Java heap size (-Xmx/-Xms)
#   Decrease number of Java threads
#   Decrease Java thread stack sizes (-Xss)
#   Set larger code cache with -XX:ReservedCodeCacheSize=
# This output file may be truncated or incomplete.
#
#  Out of Memory Error (allocation.cpp:390), pid=2216, tid=0x000000000000443c
#
# JRE version: Java(TM) SE Runtime Environment (8.0_131-b11) (build 1.8.0_131-b11)
# Java VM: Java HotSpot(TM) 64-Bit Server VM (25.131-b11 mixed mode windows-amd64 compressed oops)
# Failed to write core dump. Minidumps are not enabled by default on client versions of Windows
#

---------------  T H R E A D  ---------------

Current thread (0x0000000016d20800):  JavaThread "C2 CompilerThread0" daemon [_thread_in_native, id=17468, stack(0x0000000018360000,0x0000000018460000)]

Stack: [0x0000000018360000,0x0000000018460000]
[error occurred during error reporting (printing stack bounds), id 0xc0000005]

Native frames: (J=compiled Java code, j=interpreted, Vv=VM code, C=native code)


Current CompileTask:
C2:   2107 1949   !   4       org.codehaus.plexus.interpolation.StringSearchInterpolator::interpolate (665 bytes)


---------------  P R O C E S S  ---------------

Java Threads: ( => current thread )
  0x0000000018684000 JavaThread "Service Thread" daemon [_thread_blocked, id=13280, stack(0x0000000018a60000,0x0000000018b60000)]
  0x0000000016d36800 JavaThread "C1 CompilerThread2" daemon [_thread_blocked, id=11440, stack(0x0000000018560000,0x0000000018660000)]
  0x0000000016d27800 JavaThread "C2 CompilerThread1" daemon [_thread_blocked, id=7492, stack(0x0000000018460000,0x0000000018560000)]
=>0x0000000016d20800 JavaThread "C2 CompilerThread0" daemon [_thread_in_native, id=17468, stack(0x0000000018360000,0x0000000018460000)]
  0x0000000016d1f000 JavaThread "Attach Listener" daemon [_thread_blocked, id=21340, stack(0x0000000018260000,0x0000000018360000)]
  0x0000000016d1c000 JavaThread "Signal Dispatcher" daemon [_thread_blocked, id=19888, stack(0x0000000018160000,0x0000000018260000)]
  0x000000000215b000 JavaThread "Finalizer" daemon [_thread_blocked, id=9680, stack(0x0000000017f80000,0x0000000018080000)]
  0x0000000016ce9000 JavaThread "Reference Handler" daemon [_thread_blocked, id=1564, stack(0x0000000017e80000,0x0000000017f80000)]
  0x000000000205e000 JavaThread "main" [_thread_in_native, id=9220, stack(0x0000000001ef0000,0x0000000001ff0000)]

Other Threads:
  0x0000000016ce7800 VMThread [stack: 0x0000000017d80000,0x0000000017e80000] [id=14196]
  0x0000000018690000 WatcherThread [stack: 0x0000000018b60000,0x0000000018c60000] [id=22956]

VM state:not at safepoint (normal execution)

VM Mutex/Monitor currently owned by a thread: None

Heap:
 PSYoungGen      total 38400K, used 15250K [0x00000000d5900000, 0x00000000d8380000, 0x0000000100000000)
  eden space 33280K, 30% used [0x00000000d5900000,0x00000000d62e8ae8,0x00000000d7980000)
  from space 5120K, 99% used [0x00000000d7980000,0x00000000d7e7c010,0x00000000d7e80000)
  to   space 5120K, 0% used [0x00000000d7e80000,0x00000000d7e80000,0x00000000d8380000)
 ParOldGen       total 87552K, used 2504K [0x0000000080a00000, 0x0000000085f80000, 0x00000000d5900000)
  object space 87552K, 2% used [0x0000000080a00000,0x0000000080c723d8,0x0000000085f80000)
 Metaspace       used 12817K, capacity 13066K, committed 13184K, reserved 1060864K
  class space    used 1532K, capacity 1617K, committed 1664K, reserved 1048576K

Card table byte_map: [0x0000000011520000,0x0000000011920000] byte_map_base: 0x000000001111b000

Marking Bits: (ParMarkBitMap*) 0x000000006a2ec720
 Begin Bits: [0x0000000011fd0000, 0x0000000013fa8000)
 End Bits:   [0x0000000013fa8000, 0x0000000015f80000)

Polling page: 0x00000000003a0000

CodeCache: size=245760Kb used=7209Kb max_used=7212Kb free=238550Kb
 bounds [0x0000000002160000, 0x0000000002880000, 0x0000000011160000]
 total_blobs=2382 nmethods=2061 adapters=233
 compilation: enabled

Compilation events (10 events):
Event: 2.097 Thread 0x0000000016d36800 2057       3       org.apache.maven.model.Model::getProfiles (23 bytes)
Event: 2.097 Thread 0x0000000016d36800 nmethod 2057 0x0000000002871450 code [0x00000000028715c0, 0x0000000002871950]
Event: 2.097 Thread 0x0000000016d36800 2058       3       org.apache.maven.model.building.ModelData::setRawModel (6 bytes)
Event: 2.097 Thread 0x0000000016d36800 nmethod 2058 0x0000000002871110 code [0x0000000002871260, 0x00000000028713d0]
Event: 2.097 Thread 0x0000000016d36800 2059       3       org.apache.maven.model.building.ModelData::setActiveProfiles (6 bytes)
Event: 2.097 Thread 0x0000000016d36800 nmethod 2059 0x0000000002870dd0 code [0x0000000002870f20, 0x0000000002871090]
Event: 2.098 Thread 0x0000000016d36800 2060       3       org.apache.maven.model.building.DefaultModelBuildingResult::addModelId (27 bytes)
Event: 2.098 Thread 0x0000000016d36800 nmethod 2060 0x0000000002870810 code [0x00000000028709a0, 0x0000000002870cb8]
Event: 2.098 Thread 0x0000000016d36800 2061       3       org.apache.maven.model.building.DefaultModelBuildingResult::setActivePomProfiles (53 bytes)
Event: 2.098 Thread 0x0000000016d36800 nmethod 2061 0x000000000286ffd0 code [0x0000000002870180, 0x0000000002870638]

GC Heap History (6 events):
Event: 0.523 GC heap before
{Heap before GC invocations=1 (full 0):
 PSYoungGen      total 38400K, used 33280K [0x00000000d5900000, 0x00000000d8380000, 0x0000000100000000)
  eden space 33280K, 100% used [0x00000000d5900000,0x00000000d7980000,0x00000000d7980000)
  from space 5120K, 0% used [0x00000000d7e80000,0x00000000d7e80000,0x00000000d8380000)
  to   space 5120K, 0% used [0x00000000d7980000,0x00000000d7980000,0x00000000d7e80000)
 ParOldGen       total 87552K, used 0K [0x0000000080a00000, 0x0000000085f80000, 0x00000000d5900000)
  object space 87552K, 0% used [0x0000000080a00000,0x0000000080a00000,0x0000000085f80000)
 Metaspace       used 7800K, capacity 7938K, committed 8064K, reserved 1056768K
  class space    used 988K, capacity 1049K, committed 1152K, reserved 1048576K
Event: 0.527 GC heap after
Heap after GC invocations=1 (full 0):
 PSYoungGen      total 38400K, used 4590K [0x00000000d5900000, 0x00000000d8380000, 0x0000000100000000)
  eden space 33280K, 0% used [0x00000000d5900000,0x00000000d5900000,0x00000000d7980000)
  from space 5120K, 89% used [0x00000000d7980000,0x00000000d7dfbbd8,0x00000000d7e80000)
  to   space 5120K, 0% used [0x00000000d7e80000,0x00000000d7e80000,0x00000000d8380000)
 ParOldGen       total 87552K, used 16K [0x0000000080a00000, 0x0000000085f80000, 0x00000000d5900000)
  object space 87552K, 0% used [0x0000000080a00000,0x0000000080a04000,0x0000000085f80000)
 Metaspace       used 7800K, capacity 7938K, committed 8064K, reserved 1056768K
  class space    used 988K, capacity 1049K, committed 1152K, reserved 1048576K
}
Event: 1.128 GC heap before
{Heap before GC invocations=2 (full 0):
 PSYoungGen      total 38400K, used 37870K [0x00000000d5900000, 0x00000000d8380000, 0x0000000100000000)
  eden space 33280K, 100% used [0x00000000d5900000,0x00000000d7980000,0x00000000d7980000)
  from space 5120K, 89% used [0x00000000d7980000,0x00000000d7dfbbd8,0x00000000d7e80000)
  to   space 5120K, 0% used [0x00000000d7e80000,0x00000000d7e80000,0x00000000d8380000)
 ParOldGen       total 87552K, used 16K [0x0000000080a00000, 0x0000000085f80000, 0x00000000d5900000)
  object space 87552K, 0% used [0x0000000080a00000,0x0000000080a04000,0x0000000085f80000)
 Metaspace       used 12229K, capacity 12474K, committed 12672K, reserved 1060864K
  class space    used 1503K, capacity 1577K, committed 1664K, reserved 1048576K
Event: 1.134 GC heap after
Heap after GC invocations=2 (full 0):
 PSYoungGen      total 38400K, used 5109K [0x00000000d5900000, 0x00000000d8380000, 0x0000000100000000)
  eden space 33280K, 0% used [0x00000000d5900000,0x00000000d5900000,0x00000000d7980000)
  from space 5120K, 99% used [0x00000000d7e80000,0x00000000d837d6d0,0x00000000d8380000)
  to   space 5120K, 0% used [0x00000000d7980000,0x00000000d7980000,0x00000000d7e80000)
 ParOldGen       total 87552K, used 1846K [0x0000000080a00000, 0x0000000085f80000, 0x00000000d5900000)
  object space 87552K, 2% used [0x0000000080a00000,0x0000000080bcdae8,0x0000000085f80000)
 Metaspace       used 12229K, capacity 12474K, committed 12672K, reserved 1060864K
  class space    used 1503K, capacity 1577K, committed 1664K, reserved 1048576K
}
Event: 1.821 GC heap before
{Heap before GC invocations=3 (full 0):
 PSYoungGen      total 38400K, used 38388K [0x00000000d5900000, 0x00000000d8380000, 0x0000000100000000)
  eden space 33280K, 99% used [0x00000000d5900000,0x00000000d797fa50,0x00000000d7980000)
  from space 5120K, 99% used [0x00000000d7e80000,0x00000000d837d6d0,0x00000000d8380000)
  to   space 5120K, 0% used [0x00000000d7980000,0x00000000d7980000,0x00000000d7e80000)
 ParOldGen       total 87552K, used 1846K [0x0000000080a00000, 0x0000000085f80000, 0x00000000d5900000)
  object space 87552K, 2% used [0x0000000080a00000,0x0000000080bcdae8,0x0000000085f80000)
 Metaspace       used 12626K, capacity 12920K, committed 13184K, reserved 1060864K
  class space    used 1525K, capacity 1614K, committed 1664K, reserved 1048576K
Event: 1.825 GC heap after
Heap after GC invocations=3 (full 0):
 PSYoungGen      total 38400K, used 5104K [0x00000000d5900000, 0x00000000d8380000, 0x0000000100000000)
  eden space 33280K, 0% used [0x00000000d5900000,0x00000000d5900000,0x00000000d7980000)
  from space 5120K, 99% used [0x00000000d7980000,0x00000000d7e7c010,0x00000000d7e80000)
  to   space 5120K, 0% used [0x00000000d7e80000,0x00000000d7e80000,0x00000000d8380000)
 ParOldGen       total 87552K, used 2504K [0x0000000080a00000, 0x0000000085f80000, 0x00000000d5900000)
  object space 87552K, 2% used [0x0000000080a00000,0x0000000080c723d8,0x0000000085f80000)
 Metaspace       used 12626K, capacity 12920K, committed 13184K, reserved 1060864K
  class space    used 1525K, capacity 1614K, committed 1664K, reserved 1048576K
}

Deoptimization events (10 events):
Event: 1.283 Thread 0x000000000205e000 Uncommon trap: reason=speculate_class_check action=maybe_recompile pc=0x00000000025c3aec method=java.nio.charset.CharsetDecoder.decode(Ljava/nio/ByteBuffer;Ljava/nio/CharBuffer;Z)Ljava/nio/charset/CoderResult; @ 57
Event: 1.286 Thread 0x000000000205e000 Uncommon trap: reason=speculate_class_check action=maybe_recompile pc=0x00000000025c3aec method=java.nio.charset.CharsetDecoder.decode(Ljava/nio/ByteBuffer;Ljava/nio/CharBuffer;Z)Ljava/nio/charset/CoderResult; @ 57
Event: 1.421 Thread 0x000000000205e000 Uncommon trap: reason=unstable_if action=reinterpret pc=0x0000000002673dfc method=java.util.ArrayList.remove(I)Ljava/lang/Object; @ 31
Event: 1.486 Thread 0x000000000205e000 Uncommon trap: reason=bimorphic action=maybe_recompile pc=0x000000000248e3e8 method=java.util.HashMap.putVal(ILjava/lang/Object;Ljava/lang/Object;ZZ)Ljava/lang/Object; @ 203
Event: 1.520 Thread 0x000000000205e000 Uncommon trap: reason=unstable_if action=reinterpret pc=0x0000000002635a88 method=java.lang.String.trim()Ljava/lang/String; @ 63
Event: 1.577 Thread 0x000000000205e000 Uncommon trap: reason=speculate_class_check action=maybe_recompile pc=0x00000000026ee920 method=java.nio.charset.CharsetDecoder.decode(Ljava/nio/ByteBuffer;Ljava/nio/CharBuffer;Z)Ljava/nio/charset/CoderResult; @ 57
Event: 1.578 Thread 0x000000000205e000 Uncommon trap: reason=speculate_class_check action=maybe_recompile pc=0x00000000026ee920 method=java.nio.charset.CharsetDecoder.decode(Ljava/nio/ByteBuffer;Ljava/nio/CharBuffer;Z)Ljava/nio/charset/CoderResult; @ 57
Event: 1.827 Thread 0x000000000205e000 Uncommon trap: reason=unstable_if action=reinterpret pc=0x000000000271049c method=java.lang.ref.ReferenceQueue.poll()Ljava/lang/ref/Reference; @ 4
Event: 2.047 Thread 0x000000000205e000 Uncommon trap: reason=class_check action=maybe_recompile pc=0x00000000028373a4 method=org.codehaus.plexus.interpolation.MapBasedValueSource.getValue(Ljava/lang/String;)Ljava/lang/Object; @ 16
Event: 2.047 Thread 0x000000000205e000 Uncommon trap: reason=class_check action=maybe_recompile pc=0x00000000028373a4 method=org.codehaus.plexus.interpolation.MapBasedValueSource.getValue(Ljava/lang/String;)Ljava/lang/Object; @ 16

Internal exceptions (10 events):
Event: 0.305 Thread 0x000000000205e000 Exception <a 'java/lang/ArrayIndexOutOfBoundsException'> (0x00000000d65504e8) thrown at [C:\re\workspace\8-2-build-windows-amd64-cygwin\jdk8u131\8869\hotspot\src\share\vm\runtime\sharedRuntime.cpp, line 605]
Event: 0.311 Thread 0x000000000205e000 Exception <a 'java/lang/ArrayIndexOutOfBoundsException'> (0x00000000d65af5b0) thrown at [C:\re\workspace\8-2-build-windows-amd64-cygwin\jdk8u131\8869\hotspot\src\share\vm\runtime\sharedRuntime.cpp, line 605]
Event: 0.454 Thread 0x000000000205e000 Exception <a 'java/lang/ArrayIndexOutOfBoundsException'> (0x00000000d74052f0) thrown at [C:\re\workspace\8-2-build-windows-amd64-cygwin\jdk8u131\8869\hotspot\src\share\vm\runtime\sharedRuntime.cpp, line 605]
Event: 0.454 Thread 0x000000000205e000 Exception <a 'java/lang/ArrayIndexOutOfBoundsException'> (0x00000000d7406f98) thrown at [C:\re\workspace\8-2-build-windows-amd64-cygwin\jdk8u131\8869\hotspot\src\share\vm\runtime\sharedRuntime.cpp, line 605]
Event: 0.518 Thread 0x000000000205e000 Exception <a 'java/lang/NoClassDefFoundError': org/slf4j/Logger> (0x00000000d790b3c8) thrown at [C:\re\workspace\8-2-build-windows-amd64-cygwin\jdk8u131\8869\hotspot\src\share\vm\classfile\systemDictionary.cpp, line 199]
Event: 0.569 Thread 0x000000000205e000 Exception <a 'java/lang/NoClassDefFoundError': org/slf4j/LoggerFactory> (0x00000000d5b92ad0) thrown at [C:\re\workspace\8-2-build-windows-amd64-cygwin\jdk8u131\8869\hotspot\src\share\vm\classfile\systemDictionary.cpp, line 199]
Event: 0.569 Thread 0x000000000205e000 Exception <a 'java/lang/NoClassDefFoundError'> (0x00000000d5b92ad0) thrown at [C:\re\workspace\8-2-build-windows-amd64-cygwin\jdk8u131\8869\hotspot\src\share\vm\oops\instanceKlass.cpp, line 964]
Event: 1.002 Thread 0x000000000205e000 Implicit null exception at 0x0000000002501b15 to 0x0000000002501ced
Event: 1.002 Thread 0x000000000205e000 Implicit null exception at 0x000000000247042f to 0x0000000002470499
Event: 1.083 Thread 0x000000000205e000 Implicit null exception at 0x0000000002621965 to 0x0000000002622b35

Events (10 events):
Event: 2.022 loading class org/apache/maven/artifact/repository/metadata/io/xpp3/MetadataXpp3Reader
Event: 2.022 loading class org/apache/maven/artifact/repository/metadata/io/xpp3/MetadataXpp3Reader done
Event: 2.027 loading class java/util/ComparableTimSort
Event: 2.027 loading class java/util/ComparableTimSort done
Event: 2.047 Thread 0x000000000205e000 Uncommon trap: trap_request=0xffffffde fr.pc=0x00000000028373a4
Event: 2.047 Thread 0x000000000205e000 DEOPT PACKING pc=0x00000000028373a4 sp=0x0000000001fed7f0
Event: 2.047 Thread 0x000000000205e000 DEOPT UNPACKING pc=0x00000000021a582a sp=0x0000000001fed7d0 mode 2
Event: 2.047 Thread 0x000000000205e000 Uncommon trap: trap_request=0xffffffde fr.pc=0x00000000028373a4
Event: 2.047 Thread 0x000000000205e000 DEOPT PACKING pc=0x00000000028373a4 sp=0x0000000001fed7f0
Event: 2.047 Thread 0x000000000205e000 DEOPT UNPACKING pc=0x00000000021a582a sp=0x0000000001fed7d0 mode 2


Dynamic libraries:
0x00007ff704b60000 - 0x00007ff704b97000 	C:\Program Files\Java\jdk1.8.0_131\bin\java.exe
0x00007ff999840000 - 0x00007ff999a02000 	C:\Windows\SYSTEM32\ntdll.dll
0x00007ff9995d0000 - 0x00007ff99967d000 	C:\Windows\system32\KERNEL32.DLL
0x00007ff996d20000 - 0x00007ff996efd000 	C:\Windows\system32\KERNELBASE.dll
0x00007ff9979c0000 - 0x00007ff997a66000 	C:\Windows\system32\ADVAPI32.dll
0x00007ff997480000 - 0x00007ff99751d000 	C:\Windows\system32\msvcrt.dll
0x00007ff997c10000 - 0x00007ff997c6b000 	C:\Windows\system32\sechost.dll
0x00007ff996f00000 - 0x00007ff997026000 	C:\Windows\system32\RPCRT4.dll
0x00007ff997a70000 - 0x00007ff997bbe000 	C:\Windows\system32\USER32.dll
0x00007ff997830000 - 0x00007ff9979b3000 	C:\Windows\system32\GDI32.dll
0x00007ff9908a0000 - 0x00007ff990b14000 	C:\Windows\WinSxS\amd64_microsoft.windows.common-controls_6595b64144ccf1df_6.0.10240.17184_none_f41d7a705752bce6\COMCTL32.dll
0x00007ff997bc0000 - 0x00007ff997bf6000 	C:\Windows\system32\IMM32.DLL
0x00007ff9976d0000 - 0x00007ff99782c000 	C:\Windows\system32\MSCTF.dll
0x00000000699f0000 - 0x0000000069ac2000 	C:\Program Files\Java\jdk1.8.0_131\jre\bin\msvcr100.dll
0x0000000069ad0000 - 0x000000006a36c000 	C:\Program Files\Java\jdk1.8.0_131\jre\bin\server\jvm.dll
0x00007ff999680000 - 0x00007ff999688000 	C:\Windows\system32\PSAPI.DLL
0x00007ff98a310000 - 0x00007ff98a319000 	C:\Windows\SYSTEM32\WSOCK32.dll
0x00007ff999480000 - 0x00007ff9994e9000 	C:\Windows\system32\WS2_32.dll
0x00007ff997c00000 - 0x00007ff997c08000 	C:\Windows\system32\NSI.dll
0x00007ff9947e0000 - 0x00007ff994803000 	C:\Windows\SYSTEM32\WINMM.dll
0x00007ff993520000 - 0x00007ff99352a000 	C:\Windows\SYSTEM32\VERSION.dll
0x0000000000700000 - 0x000000000072c000 	C:\Windows\SYSTEM32\WINMMBASE.dll
0x00007ff996930000 - 0x00007ff996974000 	C:\Windows\system32\cfgmgr32.dll
0x00007ff994be0000 - 0x00007ff994c07000 	C:\Windows\SYSTEM32\DEVOBJ.dll
0x000000006a710000 - 0x000000006a71f000 	C:\Program Files\Java\jdk1.8.0_131\jre\bin\verify.dll
0x00000000699c0000 - 0x00000000699e9000 	C:\Program Files\Java\jdk1.8.0_131\jre\bin\java.dll
0x00000000699a0000 - 0x00000000699b6000 	C:\Program Files\Java\jdk1.8.0_131\jre\bin\zip.dll
0x00007ff997d20000 - 0x00007ff999243000 	C:\Windows\system32\SHELL32.dll
0x00007ff996300000 - 0x00007ff996929000 	C:\Windows\system32\windows.storage.dll
0x00007ff997030000 - 0x00007ff9972ac000 	C:\Windows\system32\combase.dll
0x00007ff999250000 - 0x00007ff9992a1000 	C:\Windows\system32\shlwapi.dll
0x00007ff9962d0000 - 0x00007ff9962df000 	C:\Windows\system32\kernel.appcore.dll
0x00007ff996c60000 - 0x00007ff996d13000 	C:\Windows\system32\shcore.dll
0x00007ff996280000 - 0x00007ff9962ca000 	C:\Windows\system32\powrprof.dll
0x00007ff996260000 - 0x00007ff996273000 	C:\Windows\system32\profapi.dll
0x0000000069980000 - 0x000000006999a000 	C:\Program Files\Java\jdk1.8.0_131\jre\bin\net.dll
0x00007ff995ad0000 - 0x00007ff995b2d000 	C:\Windows\system32\mswsock.dll
0x0000000069960000 - 0x0000000069971000 	C:\Program Files\Java\jdk1.8.0_131\jre\bin\nio.dll

VM Arguments:
jvm_args: -Dclassworlds.conf=C:\Program Files\NetBeans 8.2\java\maven\bin\m2.conf -Dmaven.home=C:\Program Files\NetBeans 8.2\java\maven 
java_command: org.codehaus.plexus.classworlds.launcher.Launcher -Dmaven.ext.class.path=C:\Program Files\NetBeans 8.2\java\maven-nblib\netbeans-eventspy.jar clean install
java_class_path (initial): C:\Program Files\NetBeans 8.2\java\maven\boot\plexus-classworlds-2.4.jar
Launcher Type: SUN_STANDARD

Environment Variables:
JAVA_HOME=C:\Program Files\Java\jdk1.8.0_131
PATH=C:\ProgramData\Oracle\Java\javapath;C:\Windows\system32;C:\Windows;C:\Windows\System32\Wbem;C:\Windows\System32\WindowsPowerShell\v1.0\;C:\Program Files\TortoiseSVN\bin;C:\Program Files (x86)\Microsoft SQL Server\100\Tools\Binn\;C:\Program Files\Microsoft SQL Server\100\Tools\Binn\;C:\Program Files\Microsoft SQL Server\100\DTS\Binn\;C:\Program Files (x86)\Skype\Phone\;C:\Program Files\TortoiseGit\bin;C:\Program Files\nodejs\;C:\Program Files\Git\cmd;C:\Program Files\MySQL\MySQL Utilities 1.6\;C:\Program Files (x86)\Microsoft SQL Server\110\Tools\Binn\;C:\Program Files\Microsoft SQL Server\110\Tools\Binn\;C:\Program Files\Microsoft SQL Server\110\DTS\Binn\;C:\Program Files (x86)\Microsoft SQL Server\110\Tools\Binn\ManagementStudio\;C:\Program Files (x86)\Microsoft SQL Server\110\DTS\Binn\;C:\Program Files\Microsoft\Web Platform Installer\;C:\Users\Admin\AppData\Roaming\npm;C:\Users\Admin\AppData\Local\atom\bin
USERNAME=Admin
OS=Windows_NT
PROCESSOR_IDENTIFIER=Intel64 Family 6 Model 94 Stepping 3, GenuineIntel



---------------  S Y S T E M  ---------------

OS: Windows 10.0 , 64 bit Build 10240 (10.0.10240.17113)

CPU:total 4 (initial active 4) (4 cores per cpu, 1 threads per core) family 6 model 94 stepping 3, cmov, cx8, fxsr, mmx, sse, sse2, sse3, ssse3, sse4.1, sse4.2, popcnt, avx, avx2, aes, clmul, erms, rtm, 3dnowpref, lzcnt, tsc, tscinvbit, bmi1, bmi2, adx

Memory: 4k page, physical 8339908k(1698004k free), swap 23896640k(5908k free)

vm_info: Java HotSpot(TM) 64-Bit Server VM (25.131-b11) for windows-amd64 JRE (1.8.0_131-b11), built on Mar 15 2017 01:23:53 by "java_re" with MS VC++ 10.0 (VS2010)

time: Thu Aug 03 15:21:34 2017
elapsed time: 2 seconds (0d 0h 0m 2s)

